
**** Build of configuration Debug for project multi_gesture_68xx_dss ****

"C:\\ti\\ccsv7\\utils\\bin\\gmake" -k -j 8 all -O 
 
rm -f C:/Users/sonif/Documents/StudiumMaster/Semester3/Masterthesis/TI/multi_gesture_68xx_dss/Debug/multi_gesture_68xx_dss.bin
makefile:195: recipe for target 'pre-build' failed
process_begin: CreateProcess(NULL, rm -f C:/Users/sonif/Documents/StudiumMaster/Semester3/Masterthesis/TI/multi_gesture_68xx_dss/Debug/multi_gesture_68xx_dss.bin, ...) failed.
make (e=2): Das System kann die angegebene Datei nicht finden.

gmake[1]: [pre-build] Error 2 (ignored)
 
'Building file: "../dss/dss_mmw.cfg"'
'Invoking: XDCtools'
"C:/ti/xdctools_3_50_08_24_core/xs" --xdcpath="C:/ti/bios_6_73_01_01/packages;C:/ti/ccsv7/ccs_base;" xdc.tools.configuro -o configPkg -t ti.targets.elf.C674 -p ti.platforms.c6x:IWR68XX:false:600 -r release -c "C:/ti/ti-cgt-c6000_8.1.3" --compileOptions "--enum_type=int " "../dss/dss_mmw.cfg"
making package.mak (because of package.bld) ...
generating interfaces for package configPkg (because package/package.xdc.inc is older than package.xdc) ...
configuring dss_mmw.xe674 from package/cfg/dss_mmw_pe674.cfg ...
generating custom ti.sysbios library makefile ... 
Starting build of library sources ...
making C:/Users/sonif/Documents/StudiumMaster/Semester3/Masterthesis/TI/multi_gesture_68xx_dss/dss/src/sysbios/sysbios.ae674 ...
gmake[1]: Entering directory `C:/Users/sonif/Documents/StudiumMaster/Semester3/Masterthesis/TI/multi_gesture_68xx_dss/dss/src/sysbios'
gmake[1]: Nothing to be done for `all'.
gmake[1]: Leaving directory `C:/Users/sonif/Documents/StudiumMaster/Semester3/Masterthesis/TI/multi_gesture_68xx_dss/dss/src/sysbios'
Build of libraries done.
cle674 package/cfg/dss_mmw_pe674.c ...
'Finished building: "../dss/dss_mmw.cfg"'
 
'Building file: "../common/mmwDemo_monitor.c"'
'Invoking: C6000 Compiler'
"C:/ti/ti-cgt-c6000_8.1.3/bin/cl6x" -mv6740 --abi=eabi -O3 -ms0 --include_path="C:/Users/sonif/Documents/StudiumMaster/Semester3/Masterthesis/TI/multi_gesture_68xx_dss" --include_path="C:/Users/sonif/Documents/StudiumMaster/Semester3/Masterthesis/TI/multi_gesture_68xx_dss/dss" --include_path="C:/Users/sonif/Documents/StudiumMaster/Semester3/Masterthesis/TI/multi_gesture_68xx_dss/common" --include_path="C:/Users/sonif/Documents/StudiumMaster/Semester3/Masterthesis/TI/multi_gesture_68xx_dss/common/ANN" --include_path="C:/ti/mmwave_sdk_03_01_01_02/packages" --include_path="C:/ti/mmwave_sdk_03_01_01_02/packages/ti/demo/utils" --include_path="C:/ti/mathlib_c674x_3_1_2_1/packages" --include_path="C:/ti/dsplib_c64Px_3_4_0_0/packages/" --include_path="C:/ti/dsplib_c64Px_3_4_0_0/packages/ti/dsplib/src/DSP_fft16x16/c64P" --include_path="C:/ti/dsplib_c64Px_3_4_0_0/packages/ti/dsplib/src/DSP_fft32x32/c64P" --include_path="C:/ti/ti-cgt-c6000_8.1.3/include" -g --gcc --define=SOC_XWR68XX --define=SUBSYS_DSS --define=MMWAVE_L3RAM_NUM_BANK=6 --define=MMWAVE_SHMEM_TCMA_NUM_BANK=0 --define=MMWAVE_SHMEM_TCMB_NUM_BANK=0 --define=MMWAVE_SHMEM_BANK_SIZE=0x20000 --define=DOWNLOAD_FROM_CCS --define=DebugP_ASSERT_ENABLED --define=_LITTLE_ENDIAN --define=MMW_6843_AOP --diag_error=10015 --display_error_number --diag_wrap=off --diag_warning=225 --gen_func_subsections=on --obj_extension=.oe674 --preproc_with_compile --preproc_dependency="common/mmwDemo_monitor.d_raw" --obj_directory="common" --cmd_file="configPkg/compiler.opt" "../common/mmwDemo_monitor.c"
'Finished building: "../common/mmwDemo_monitor.c"'
 
'Building file: "../dss/dss_config_edma_util.c"'
'Invoking: C6000 Compiler'
"C:/ti/ti-cgt-c6000_8.1.3/bin/cl6x" -mv6740 --abi=eabi -O3 -ms0 --include_path="C:/Users/sonif/Documents/StudiumMaster/Semester3/Masterthesis/TI/multi_gesture_68xx_dss" --include_path="C:/Users/sonif/Documents/StudiumMaster/Semester3/Masterthesis/TI/multi_gesture_68xx_dss/dss" --include_path="C:/Users/sonif/Documents/StudiumMaster/Semester3/Masterthesis/TI/multi_gesture_68xx_dss/common" --include_path="C:/Users/sonif/Documents/StudiumMaster/Semester3/Masterthesis/TI/multi_gesture_68xx_dss/common/ANN" --include_path="C:/ti/mmwave_sdk_03_01_01_02/packages" --include_path="C:/ti/mmwave_sdk_03_01_01_02/packages/ti/demo/utils" --include_path="C:/ti/mathlib_c674x_3_1_2_1/packages" --include_path="C:/ti/dsplib_c64Px_3_4_0_0/packages/" --include_path="C:/ti/dsplib_c64Px_3_4_0_0/packages/ti/dsplib/src/DSP_fft16x16/c64P" --include_path="C:/ti/dsplib_c64Px_3_4_0_0/packages/ti/dsplib/src/DSP_fft32x32/c64P" --include_path="C:/ti/ti-cgt-c6000_8.1.3/include" -g --gcc --define=SOC_XWR68XX --define=SUBSYS_DSS --define=MMWAVE_L3RAM_NUM_BANK=6 --define=MMWAVE_SHMEM_TCMA_NUM_BANK=0 --define=MMWAVE_SHMEM_TCMB_NUM_BANK=0 --define=MMWAVE_SHMEM_BANK_SIZE=0x20000 --define=DOWNLOAD_FROM_CCS --define=DebugP_ASSERT_ENABLED --define=_LITTLE_ENDIAN --define=MMW_6843_AOP --diag_error=10015 --display_error_number --diag_wrap=off --diag_warning=225 --gen_func_subsections=on --obj_extension=.oe674 --preproc_with_compile --preproc_dependency="dss/dss_config_edma_util.d_raw" --obj_directory="dss" --cmd_file="configPkg/compiler.opt" "../dss/dss_config_edma_util.c"
'Finished building: "../dss/dss_config_edma_util.c"'
 
'Building file: "../dss/dss_lvds_stream.c"'
'Invoking: C6000 Compiler'
"C:/ti/ti-cgt-c6000_8.1.3/bin/cl6x" -mv6740 --abi=eabi -O3 -ms0 --include_path="C:/Users/sonif/Documents/StudiumMaster/Semester3/Masterthesis/TI/multi_gesture_68xx_dss" --include_path="C:/Users/sonif/Documents/StudiumMaster/Semester3/Masterthesis/TI/multi_gesture_68xx_dss/dss" --include_path="C:/Users/sonif/Documents/StudiumMaster/Semester3/Masterthesis/TI/multi_gesture_68xx_dss/common" --include_path="C:/Users/sonif/Documents/StudiumMaster/Semester3/Masterthesis/TI/multi_gesture_68xx_dss/common/ANN" --include_path="C:/ti/mmwave_sdk_03_01_01_02/packages" --include_path="C:/ti/mmwave_sdk_03_01_01_02/packages/ti/demo/utils" --include_path="C:/ti/mathlib_c674x_3_1_2_1/packages" --include_path="C:/ti/dsplib_c64Px_3_4_0_0/packages/" --include_path="C:/ti/dsplib_c64Px_3_4_0_0/packages/ti/dsplib/src/DSP_fft16x16/c64P" --include_path="C:/ti/dsplib_c64Px_3_4_0_0/packages/ti/dsplib/src/DSP_fft32x32/c64P" --include_path="C:/ti/ti-cgt-c6000_8.1.3/include" -g --gcc --define=SOC_XWR68XX --define=SUBSYS_DSS --define=MMWAVE_L3RAM_NUM_BANK=6 --define=MMWAVE_SHMEM_TCMA_NUM_BANK=0 --define=MMWAVE_SHMEM_TCMB_NUM_BANK=0 --define=MMWAVE_SHMEM_BANK_SIZE=0x20000 --define=DOWNLOAD_FROM_CCS --define=DebugP_ASSERT_ENABLED --define=_LITTLE_ENDIAN --define=MMW_6843_AOP --diag_error=10015 --display_error_number --diag_wrap=off --diag_warning=225 --gen_func_subsections=on --obj_extension=.oe674 --preproc_with_compile --preproc_dependency="dss/dss_lvds_stream.d_raw" --obj_directory="dss" --cmd_file="configPkg/compiler.opt" "../dss/dss_lvds_stream.c"
'Finished building: "../dss/dss_lvds_stream.c"'
 
'Building file: "../dss/gesture.c"'
'Invoking: C6000 Compiler'
"C:/ti/ti-cgt-c6000_8.1.3/bin/cl6x" -mv6740 --abi=eabi -O3 -ms0 --include_path="C:/Users/sonif/Documents/StudiumMaster/Semester3/Masterthesis/TI/multi_gesture_68xx_dss" --include_path="C:/Users/sonif/Documents/StudiumMaster/Semester3/Masterthesis/TI/multi_gesture_68xx_dss/dss" --include_path="C:/Users/sonif/Documents/StudiumMaster/Semester3/Masterthesis/TI/multi_gesture_68xx_dss/common" --include_path="C:/Users/sonif/Documents/StudiumMaster/Semester3/Masterthesis/TI/multi_gesture_68xx_dss/common/ANN" --include_path="C:/ti/mmwave_sdk_03_01_01_02/packages" --include_path="C:/ti/mmwave_sdk_03_01_01_02/packages/ti/demo/utils" --include_path="C:/ti/mathlib_c674x_3_1_2_1/packages" --include_path="C:/ti/dsplib_c64Px_3_4_0_0/packages/" --include_path="C:/ti/dsplib_c64Px_3_4_0_0/packages/ti/dsplib/src/DSP_fft16x16/c64P" --include_path="C:/ti/dsplib_c64Px_3_4_0_0/packages/ti/dsplib/src/DSP_fft32x32/c64P" --include_path="C:/ti/ti-cgt-c6000_8.1.3/include" -g --gcc --define=SOC_XWR68XX --define=SUBSYS_DSS --define=MMWAVE_L3RAM_NUM_BANK=6 --define=MMWAVE_SHMEM_TCMA_NUM_BANK=0 --define=MMWAVE_SHMEM_TCMB_NUM_BANK=0 --define=MMWAVE_SHMEM_BANK_SIZE=0x20000 --define=DOWNLOAD_FROM_CCS --define=DebugP_ASSERT_ENABLED --define=_LITTLE_ENDIAN --define=MMW_6843_AOP --diag_error=10015 --display_error_number --diag_wrap=off --diag_warning=225 --gen_func_subsections=on --obj_extension=.oe674 --preproc_with_compile --preproc_dependency="dss/gesture.d_raw" --obj_directory="dss" --cmd_file="configPkg/compiler.opt" "../dss/gesture.c"
'Finished building: "../dss/gesture.c"'
 
'Building file: "../dss/dss_main.c"'
'Invoking: C6000 Compiler'
"C:/ti/ti-cgt-c6000_8.1.3/bin/cl6x" -mv6740 --abi=eabi -O3 -ms0 --include_path="C:/Users/sonif/Documents/StudiumMaster/Semester3/Masterthesis/TI/multi_gesture_68xx_dss" --include_path="C:/Users/sonif/Documents/StudiumMaster/Semester3/Masterthesis/TI/multi_gesture_68xx_dss/dss" --include_path="C:/Users/sonif/Documents/StudiumMaster/Semester3/Masterthesis/TI/multi_gesture_68xx_dss/common" --include_path="C:/Users/sonif/Documents/StudiumMaster/Semester3/Masterthesis/TI/multi_gesture_68xx_dss/common/ANN" --include_path="C:/ti/mmwave_sdk_03_01_01_02/packages" --include_path="C:/ti/mmwave_sdk_03_01_01_02/packages/ti/demo/utils" --include_path="C:/ti/mathlib_c674x_3_1_2_1/packages" --include_path="C:/ti/dsplib_c64Px_3_4_0_0/packages/" --include_path="C:/ti/dsplib_c64Px_3_4_0_0/packages/ti/dsplib/src/DSP_fft16x16/c64P" --include_path="C:/ti/dsplib_c64Px_3_4_0_0/packages/ti/dsplib/src/DSP_fft32x32/c64P" --include_path="C:/ti/ti-cgt-c6000_8.1.3/include" -g --gcc --define=SOC_XWR68XX --define=SUBSYS_DSS --define=MMWAVE_L3RAM_NUM_BANK=6 --define=MMWAVE_SHMEM_TCMA_NUM_BANK=0 --define=MMWAVE_SHMEM_TCMB_NUM_BANK=0 --define=MMWAVE_SHMEM_BANK_SIZE=0x20000 --define=DOWNLOAD_FROM_CCS --define=DebugP_ASSERT_ENABLED --define=_LITTLE_ENDIAN --define=MMW_6843_AOP --diag_error=10015 --display_error_number --diag_wrap=off --diag_warning=225 --gen_func_subsections=on --obj_extension=.oe674 --preproc_with_compile --preproc_dependency="dss/dss_main.d_raw" --obj_directory="dss" --cmd_file="configPkg/compiler.opt" "../dss/dss_main.c"
'Finished building: "../dss/dss_main.c"'
 
'Building file: "../dss/dss_data_path.c"'
'Invoking: C6000 Compiler'
"C:/ti/ti-cgt-c6000_8.1.3/bin/cl6x" -mv6740 --abi=eabi -O3 -ms0 --include_path="C:/Users/sonif/Documents/StudiumMaster/Semester3/Masterthesis/TI/multi_gesture_68xx_dss" --include_path="C:/Users/sonif/Documents/StudiumMaster/Semester3/Masterthesis/TI/multi_gesture_68xx_dss/dss" --include_path="C:/Users/sonif/Documents/StudiumMaster/Semester3/Masterthesis/TI/multi_gesture_68xx_dss/common" --include_path="C:/Users/sonif/Documents/StudiumMaster/Semester3/Masterthesis/TI/multi_gesture_68xx_dss/common/ANN" --include_path="C:/ti/mmwave_sdk_03_01_01_02/packages" --include_path="C:/ti/mmwave_sdk_03_01_01_02/packages/ti/demo/utils" --include_path="C:/ti/mathlib_c674x_3_1_2_1/packages" --include_path="C:/ti/dsplib_c64Px_3_4_0_0/packages/" --include_path="C:/ti/dsplib_c64Px_3_4_0_0/packages/ti/dsplib/src/DSP_fft16x16/c64P" --include_path="C:/ti/dsplib_c64Px_3_4_0_0/packages/ti/dsplib/src/DSP_fft32x32/c64P" --include_path="C:/ti/ti-cgt-c6000_8.1.3/include" -g --gcc --define=SOC_XWR68XX --define=SUBSYS_DSS --define=MMWAVE_L3RAM_NUM_BANK=6 --define=MMWAVE_SHMEM_TCMA_NUM_BANK=0 --define=MMWAVE_SHMEM_TCMB_NUM_BANK=0 --define=MMWAVE_SHMEM_BANK_SIZE=0x20000 --define=DOWNLOAD_FROM_CCS --define=DebugP_ASSERT_ENABLED --define=_LITTLE_ENDIAN --define=MMW_6843_AOP --diag_error=10015 --display_error_number --diag_wrap=off --diag_warning=225 --gen_func_subsections=on --obj_extension=.oe674 --preproc_with_compile --preproc_dependency="dss/dss_data_path.d_raw" --obj_directory="dss" --cmd_file="configPkg/compiler.opt" "../dss/dss_data_path.c"
'Finished building: "../dss/dss_data_path.c"'
 
'Building target: "multi_gesture_68xx_dss.xe674"'
'Invoking: C6000 Linker'
"C:/ti/ti-cgt-c6000_8.1.3/bin/cl6x" -mv6740 --abi=eabi -O3 -ms0 -g --gcc --define=SOC_XWR68XX --define=SUBSYS_DSS --define=MMWAVE_L3RAM_NUM_BANK=6 --define=MMWAVE_SHMEM_TCMA_NUM_BANK=0 --define=MMWAVE_SHMEM_TCMB_NUM_BANK=0 --define=MMWAVE_SHMEM_BANK_SIZE=0x20000 --define=DOWNLOAD_FROM_CCS --define=DebugP_ASSERT_ENABLED --define=_LITTLE_ENDIAN --define=MMW_6843_AOP --diag_error=10015 --display_error_number --diag_wrap=off --diag_warning=225 --gen_func_subsections=on --obj_extension=.oe674 -z -m"multi_gesture_68xx_dss.map" --heap_size=0x800 --stack_size=0x800 -i"C:/ti/ti-cgt-c6000_8.1.3/lib" -i"C:/Users/sonif/Documents/StudiumMaster/Semester3/Masterthesis/TI/multi_gesture_68xx_dss" -i"C:/ti/mmwave_sdk_03_01_01_02/packages/ti/control/mmwave/lib" -i"C:/ti/mmwave_sdk_03_01_01_02/packages/ti/control/mmwavelink/lib" -i"C:/ti/mmwave_sdk_03_01_01_02/packages/ti/alg/mmwavelib/lib" -i"C:/ti/mmwave_sdk_03_01_01_02/packages/ti/drivers/crc/lib" -i"C:/ti/mmwave_sdk_03_01_01_02/packages/ti/drivers/soc/lib" -i"C:/ti/mmwave_sdk_03_01_01_02/packages/ti/drivers/osal/lib" -i"C:/ti/mmwave_sdk_03_01_01_02/packages/ti/drivers/mailbox/lib" -i"C:/ti/mmwave_sdk_03_01_01_02/packages/ti/drivers/edma/lib" -i"C:/ti/mmwave_sdk_03_01_01_02/packages/ti/drivers/adcbuf/lib" -i"C:/ti/mmwave_sdk_03_01_01_02/packages/ti/drivers/cbuff/lib" -i"C:/ti/mmwave_sdk_03_01_01_02/packages/ti/utils/hsiheader/lib" -i"C:/ti/dsplib_c64Px_3_4_0_0/packages/ti/dsplib/lib" -i"C:/ti/mathlib_c674x_3_1_2_1/packages/ti/mathlib/lib" -i"C:/ti/ti-cgt-c6000_8.1.3/include" --reread_libs --disable_auto_rts --define=MMWAVE_L3RAM_NUM_BANK=6 --define=MMWAVE_SHMEM_TCMA_NUM_BANK=0 --define=MMWAVE_SHMEM_TCMB_NUM_BANK=0 --define=MMWAVE_SHMEM_BANK_SIZE=0x20000 --warn_sections --diag_warning=225 --diag_error=10015 --display_error_number --diag_wrap=off --xml_link_info="xwr68xx_multi_gesture_68xx_dss_linkInfo.xml" --ram_model --unused_section_elimination=on -o "multi_gesture_68xx_dss.xe674" "./common/mmwDemo_monitor.oe674" "./dss/dss_config_edma_util.oe674" "./dss/dss_data_path.oe674" "./dss/dss_lvds_stream.oe674" "./dss/dss_main.oe674" "./dss/gesture.oe674" "../c674x_linker.cmd" "../dss/dss_mmw_linker.cmd" -l"configPkg/linker.cmd" -ldsplib.ae64P -lmathlib.ae674 -llibsoc_xwr68xx.ae674 -llibosal_xwr68xx.ae674 -llibcrc_xwr68xx.ae674 -llibmailbox_xwr68xx.ae674 -llibmmwavelink_xwr68xx.ae674 -llibmmwave_xwr68xx.ae674 -llibedma_xwr68xx.ae674 -llibadcbuf_xwr68xx.ae674 -llibmmwavealg_xwr68xx.ae674 -llibcbuff_xwr68xx.ae674 -llibhsiheader_xwr68xx.ae674 -lrts6740_elf.lib -llibc.a 
<Linking>
warning #10370-D: Possible codesize or performance degradation. Section ".text:MmwDemo_interFrameProcessing:dss_data_path.oe674" has calls to rts routines, but rts is placed out of range from call site at 0xe00e80, or in a different section. To optimize codesize, either 1) place rts closer to call site, or 2) place rts in same section, or 3) compile with --disable_push_pop.
warning #10370-D: Possible codesize or performance degradation. Section ".text:MmwDemo_interFrameProcessing:dss_data_path.oe674" has calls to rts routines, but rts is placed out of range from call site at 0xe01548, or in a different section. To optimize codesize, either 1) place rts closer to call site, or 2) place rts in same section, or 3) compile with --disable_push_pop.
warning #10370-D: Possible codesize or performance degradation. Section ".text:SOC_init:libsoc_xwr68xx.ae674<soc.oe674>" has calls to rts routines, but rts is placed out of range from call site at 0x20001930, or in a different section. To optimize codesize, either 1) place rts closer to call site, or 2) place rts in same section, or 3) compile with --disable_push_pop.
warning #10370-D: Possible codesize or performance degradation. Section ".text:SOC_init:libsoc_xwr68xx.ae674<soc.oe674>" has calls to rts routines, but rts is placed out of range from call site at 0x20001820, or in a different section. To optimize codesize, either 1) place rts closer to call site, or 2) place rts in same section, or 3) compile with --disable_push_pop.
'Finished building target: "multi_gesture_68xx_dss.xe674"'
 
C:/ti/mmwave_sdk_03_01_01_02/packages/scripts/ImageCreator/out2rprc/out2rprc.exe multi_gesture_68xx_dss.xe674 multi_gesture_68xx_dss.bin
Parsing the input object file, multi_gesture_68xx_dss.xe674.
Appending zeros 8480736
Appending zeros 8502528
Appending zeros 8508184
File conversion complete!
 

**** Build Finished ****
